c:\work\repos\cs\x64\debug\vc143.pdb
c:\work\repos\cs\x64\debug\vc143.idb
c:\work\repos\cs\x64\debug\server.obj
c:\work\repos\cs\x64\debug\ioparser.obj
c:\work\repos\cs\x64\debug\iofile.obj
c:\work\repos\cs\x64\debug\clientmanager.obj
c:\work\repos\cs\x64\debug\application.obj
c:\work\repos\cs\x64\debug\server.ilk
c:\work\repos\cs\x64\debug\server.exe
c:\work\repos\cs\x64\debug\server.pdb
c:\work\repos\cs\x64\debug\server.lib
c:\work\repos\cs\x64\debug\server.exp
c:\work\repos\cs\x64\debug\csdlll.exp
c:\work\repos\cs\x64\debug\csdlll.pdb
c:\work\repos\cs\x64\debug\server.tlog\cl.command.1.tlog
c:\work\repos\cs\x64\debug\server.tlog\cl.read.1.tlog
c:\work\repos\cs\x64\debug\server.tlog\cl.write.1.tlog
c:\work\repos\cs\x64\debug\server.tlog\link.command.1.tlog
c:\work\repos\cs\x64\debug\server.tlog\link.read.1.tlog
c:\work\repos\cs\x64\debug\server.tlog\link.write.1.tlog
c:\work\repos\cs\x64\debug\server.tlog\link.write.2u.tlog
